Started GET "/" for 127.0.0.1 at 2017-12-20 17:31:03 +0900
Processing by ApplicationController#hello as HTML
  Rendering html template
  Rendered html template (0.1ms)
Completed 200 OK in 258ms (Views: 5.8ms)


  [1m[35m (0.1ms)[0m  [1m[34mSELECT sqlite_version(*)[0m
  [1m[35m (2.1ms)[0m  [1m[35mCREATE TABLE "schema_migrations" ("version" varchar NOT NULL PRIMARY KEY)[0m
  [1m[35m (1.2ms)[0m  [1m[35mCREATE TABLE "ar_internal_metadata" ("key" varchar NOT NULL PRIMARY KEY, "value" varchar, "created_at" datetime NOT NULL, "updated_at" datetime NOT NULL)[0m
  [1m[35m (0.2ms)[0m  [1m[34mSELECT "schema_migrations"."version" FROM "schema_migrations" ORDER BY "schema_migrations"."version" ASC[0m
Migrating to CreateUsers (20171220083421)
  [1m[35m (0.1ms)[0m  [1m[36mbegin transaction[0m
  [1m[35m (0.5ms)[0m  [1m[35mCREATE TABLE "users" ("id" INTEGER PRIMARY KEY AUTOINCREMENT NOT NULL, "name" varchar, "email" varchar, "created_at" datetime NOT NULL, "updated_at" datetime NOT NULL)[0m
  [1m[35mSQL (0.2ms)[0m  [1m[32mINSERT INTO "schema_migrations" ("version") VALUES (?)[0m  [["version", "20171220083421"]]
  [1m[35m (5.4ms)[0m  [1m[36mcommit transaction[0m
  [1m[36mActiveRecord::InternalMetadata Load (0.3ms)[0m  [1m[34mSELECT  "ar_internal_metadata".* FROM "ar_internal_metadata" WHERE "ar_internal_metadata"."key" = ? LIMIT ?[0m  [["key", "environment"], ["LIMIT", 1]]
  [1m[35m (0.1ms)[0m  [1m[36mbegin transaction[0m
  [1m[35mSQL (0.4ms)[0m  [1m[32mINSERT INTO "ar_internal_metadata" ("key", "value", "created_at", "updated_at") VALUES (?, ?, ?, ?)[0m  [["key", "environment"], ["value", "development"], ["created_at", "2017-12-20 08:35:14.159039"], ["updated_at", "2017-12-20 08:35:14.159039"]]
  [1m[35m (2.6ms)[0m  [1m[36mcommit transaction[0m
  [1m[35m (1.1ms)[0m  [1m[34mSELECT "schema_migrations"."version" FROM "schema_migrations" ORDER BY "schema_migrations"."version" ASC[0m
Started GET "/" for 127.0.0.1 at 2017-12-20 17:36:07 +0900
  [1m[35m (0.2ms)[0m  [1m[34mSELECT "schema_migrations"."version" FROM "schema_migrations" ORDER BY "schema_migrations"."version" ASC[0m
Processing by ApplicationController#hello as HTML
  Rendering html template
  Rendered html template (0.1ms)
Completed 200 OK in 13ms (Views: 5.7ms | ActiveRecord: 0.0ms)


Started GET "/" for 127.0.0.1 at 2017-12-20 17:36:12 +0900
Processing by ApplicationController#hello as HTML
  Rendering html template
  Rendered html template (0.0ms)
Completed 200 OK in 1ms (Views: 0.4ms | ActiveRecord: 0.0ms)


Started GET "/users" for 127.0.0.1 at 2017-12-20 17:36:13 +0900
Processing by UsersController#index as HTML
  Rendering users/index.html.erb within layouts/application
  [1m[36mUser Load (0.2ms)[0m  [1m[34mSELECT "users".* FROM "users"[0m
  Rendered users/index.html.erb within layouts/application (4.9ms)
Completed 200 OK in 486ms (Views: 479.2ms | ActiveRecord: 0.8ms)


Started GET "/users" for 127.0.0.1 at 2017-12-20 17:36:13 +0900
Processing by UsersController#index as HTML
  Rendering users/index.html.erb within layouts/application
  [1m[36mUser Load (0.3ms)[0m  [1m[34mSELECT "users".* FROM "users"[0m
  Rendered users/index.html.erb within layouts/application (3.0ms)
Completed 200 OK in 47ms (Views: 41.3ms | ActiveRecord: 0.3ms)


Started GET "/users/new" for 127.0.0.1 at 2017-12-20 17:45:45 +0900
Processing by UsersController#new as HTML
  Rendering users/new.html.erb within layouts/application
  Rendered users/_form.html.erb (26.2ms)
  Rendered users/new.html.erb within layouts/application (30.6ms)
Completed 200 OK in 63ms (Views: 51.5ms | ActiveRecord: 1.6ms)


Started POST "/users" for 127.0.0.1 at 2017-12-20 17:46:26 +0900
Processing by UsersController#create as HTML
  Parameters: {"utf8"=>"✓", "authenticity_token"=>"liRVyjHlNLYxyJ2s06AUl24m6MJkeOFMXbqLJ4VMcgYNj3q2Z4EHlnCKhu2DRkmu3aGQ0VN/NEMKKMTS+7zW/w==", "user"=>{"name"=>"Kasumi", "email"=>"kasumi@example.com"}, "commit"=>"Create User"}
  [1m[35m (0.1ms)[0m  [1m[36mbegin transaction[0m
  [1m[35mSQL (0.8ms)[0m  [1m[32mINSERT INTO "users" ("name", "email", "created_at", "updated_at") VALUES (?, ?, ?, ?)[0m  [["name", "Kasumi"], ["email", "kasumi@example.com"], ["created_at", "2017-12-20 08:46:26.166384"], ["updated_at", "2017-12-20 08:46:26.166384"]]
  [1m[35m (0.7ms)[0m  [1m[36mcommit transaction[0m
Redirected to http://localhost:3000/users/1
Completed 302 Found in 6ms (ActiveRecord: 1.6ms)


Started GET "/users/1" for 127.0.0.1 at 2017-12-20 17:46:26 +0900
Processing by UsersController#show as HTML
  Parameters: {"id"=>"1"}
  [1m[36mUser Load (0.2ms)[0m  [1m[34mSELECT  "users".* FROM "users" WHERE "users"."id" = ? LIMIT ?[0m  [["id", 1], ["LIMIT", 1]]
  Rendering users/show.html.erb within layouts/application
  Rendered users/show.html.erb within layouts/application (0.8ms)
Completed 200 OK in 25ms (Views: 17.6ms | ActiveRecord: 0.2ms)


Started GET "/users" for 127.0.0.1 at 2017-12-20 17:46:29 +0900
Processing by UsersController#index as HTML
  Rendering users/index.html.erb within layouts/application
  [1m[36mUser Load (0.2ms)[0m  [1m[34mSELECT "users".* FROM "users"[0m
  Rendered users/index.html.erb within layouts/application (1.9ms)
Completed 200 OK in 23ms (Views: 19.4ms | ActiveRecord: 0.2ms)


Started GET "/users/new" for 127.0.0.1 at 2017-12-20 17:46:30 +0900
Processing by UsersController#new as HTML
  Rendering users/new.html.erb within layouts/application
  Rendered users/_form.html.erb (1.9ms)
  Rendered users/new.html.erb within layouts/application (3.9ms)
Completed 200 OK in 29ms (Views: 25.4ms | ActiveRecord: 0.0ms)


Started POST "/users" for 127.0.0.1 at 2017-12-20 17:46:45 +0900
Processing by UsersController#create as HTML
  Parameters: {"utf8"=>"✓", "authenticity_token"=>"WX68mCIDe92H/Iru/2w58lPgWV3Ei6TA2zBaUxU97hbC1ZPkdGdI/ca+ka+vimTL4GchTvOMcc+MohWma81K7w==", "user"=>{"name"=>"Kei", "email"=>"kei@example.com"}, "commit"=>"Create User"}
  [1m[35m (0.1ms)[0m  [1m[36mbegin transaction[0m
  [1m[35mSQL (0.5ms)[0m  [1m[32mINSERT INTO "users" ("name", "email", "created_at", "updated_at") VALUES (?, ?, ?, ?)[0m  [["name", "Kei"], ["email", "kei@example.com"], ["created_at", "2017-12-20 08:46:45.534216"], ["updated_at", "2017-12-20 08:46:45.534216"]]
  [1m[35m (1.1ms)[0m  [1m[36mcommit transaction[0m
Redirected to http://localhost:3000/users/2
Completed 302 Found in 6ms (ActiveRecord: 1.7ms)


Started GET "/users/2" for 127.0.0.1 at 2017-12-20 17:46:45 +0900
Processing by UsersController#show as HTML
  Parameters: {"id"=>"2"}
  [1m[36mUser Load (0.3ms)[0m  [1m[34mSELECT  "users".* FROM "users" WHERE "users"."id" = ? LIMIT ?[0m  [["id", 2], ["LIMIT", 1]]
  Rendering users/show.html.erb within layouts/application
  Rendered users/show.html.erb within layouts/application (0.7ms)
Completed 200 OK in 23ms (Views: 19.9ms | ActiveRecord: 0.3ms)


Started GET "/users" for 127.0.0.1 at 2017-12-20 17:46:47 +0900
Processing by UsersController#index as HTML
  Rendering users/index.html.erb within layouts/application
  [1m[36mUser Load (0.2ms)[0m  [1m[34mSELECT "users".* FROM "users"[0m
  Rendered users/index.html.erb within layouts/application (1.8ms)
Completed 200 OK in 26ms (Views: 20.8ms | ActiveRecord: 0.2ms)


Started GET "/users/new" for 127.0.0.1 at 2017-12-20 17:48:08 +0900
Processing by UsersController#new as HTML
  Rendering users/new.html.erb within layouts/application
  Rendered users/_form.html.erb (2.3ms)
  Rendered users/new.html.erb within layouts/application (4.6ms)
Completed 200 OK in 23ms (Views: 19.8ms | ActiveRecord: 0.0ms)


Started POST "/users" for 127.0.0.1 at 2017-12-20 17:48:19 +0900
Processing by UsersController#create as HTML
  Parameters: {"utf8"=>"✓", "authenticity_token"=>"m042HJH9rvvNIvvnR0RHddnQJj8jM/YOGrsda/96qFUA5Rlgx5md24xg4KYXohpMaldeLBQ0IwFNKVKegYoMrA==", "user"=>{"name"=>"Yudai", "email"=>"yudai@example"}, "commit"=>"Create User"}
  [1m[35m (0.1ms)[0m  [1m[36mbegin transaction[0m
  [1m[35mSQL (0.5ms)[0m  [1m[32mINSERT INTO "users" ("name", "email", "created_at", "updated_at") VALUES (?, ?, ?, ?)[0m  [["name", "Yudai"], ["email", "yudai@example"], ["created_at", "2017-12-20 08:48:19.539442"], ["updated_at", "2017-12-20 08:48:19.539442"]]
  [1m[35m (1.3ms)[0m  [1m[36mcommit transaction[0m
Redirected to http://localhost:3000/users/3
Completed 302 Found in 7ms (ActiveRecord: 1.9ms)


Started GET "/users/3" for 127.0.0.1 at 2017-12-20 17:48:19 +0900
Processing by UsersController#show as HTML
  Parameters: {"id"=>"3"}
  [1m[36mUser Load (0.3ms)[0m  [1m[34mSELECT  "users".* FROM "users" WHERE "users"."id" = ? LIMIT ?[0m  [["id", 3], ["LIMIT", 1]]
  Rendering users/show.html.erb within layouts/application
  Rendered users/show.html.erb within layouts/application (0.7ms)
Completed 200 OK in 24ms (Views: 21.2ms | ActiveRecord: 0.3ms)


Started GET "/users" for 127.0.0.1 at 2017-12-20 17:48:35 +0900
Processing by UsersController#index as HTML
  Rendering users/index.html.erb within layouts/application
  [1m[36mUser Load (0.2ms)[0m  [1m[34mSELECT "users".* FROM "users"[0m
  Rendered users/index.html.erb within layouts/application (2.8ms)
Completed 200 OK in 33ms (Views: 27.6ms | ActiveRecord: 0.2ms)


Started GET "/users/new" for 127.0.0.1 at 2017-12-20 17:48:36 +0900
Processing by UsersController#new as HTML
  Rendering users/new.html.erb within layouts/application
  Rendered users/_form.html.erb (2.1ms)
  Rendered users/new.html.erb within layouts/application (4.6ms)
Completed 200 OK in 26ms (Views: 23.1ms | ActiveRecord: 0.0ms)


Started POST "/users" for 127.0.0.1 at 2017-12-20 17:48:58 +0900
Processing by UsersController#create as HTML
  Parameters: {"utf8"=>"✓", "authenticity_token"=>"2J+hEg45cqC5Pqykq+lCTLV6Ycy+rAXJQ9ssoeVRz3NDNI5uWF1BgPh8t+X7Dx91Bv0Z34mr0MYUSWNUm6Frig==", "user"=>{"name"=>"Mitsushi", "email"=>""}, "commit"=>"Create User"}
  [1m[35m (0.1ms)[0m  [1m[36mbegin transaction[0m
  [1m[35mSQL (1.2ms)[0m  [1m[32mINSERT INTO "users" ("name", "email", "created_at", "updated_at") VALUES (?, ?, ?, ?)[0m  [["name", "Mitsushi"], ["email", ""], ["created_at", "2017-12-20 08:48:58.900707"], ["updated_at", "2017-12-20 08:48:58.900707"]]
  [1m[35m (1.2ms)[0m  [1m[36mcommit transaction[0m
Redirected to http://localhost:3000/users/4
Completed 302 Found in 7ms (ActiveRecord: 2.5ms)


Started GET "/users/4" for 127.0.0.1 at 2017-12-20 17:48:58 +0900
Processing by UsersController#show as HTML
  Parameters: {"id"=>"4"}
  [1m[36mUser Load (0.2ms)[0m  [1m[34mSELECT  "users".* FROM "users" WHERE "users"."id" = ? LIMIT ?[0m  [["id", 4], ["LIMIT", 1]]
  Rendering users/show.html.erb within layouts/application
  Rendered users/show.html.erb within layouts/application (0.7ms)
Completed 200 OK in 24ms (Views: 19.6ms | ActiveRecord: 0.2ms)


Started GET "/users" for 127.0.0.1 at 2017-12-20 17:49:29 +0900
Processing by UsersController#index as HTML
  Rendering users/index.html.erb within layouts/application
  [1m[36mUser Load (0.2ms)[0m  [1m[34mSELECT "users".* FROM "users"[0m
  Rendered users/index.html.erb within layouts/application (7.1ms)
Completed 200 OK in 26ms (Views: 22.9ms | ActiveRecord: 0.2ms)


Started DELETE "/users/4" for 127.0.0.1 at 2017-12-20 17:49:36 +0900
Processing by UsersController#destroy as HTML
  Parameters: {"authenticity_token"=>"RdW5oSRhOwfyAdDa1HytbAUwaxKNASgLtDbSUzR2w3d3xjzF3oYIRmiVp+Qc6JRq3BuwMscHjzLAuobNqt4iaA==", "id"=>"4"}
  [1m[36mUser Load (0.1ms)[0m  [1m[34mSELECT  "users".* FROM "users" WHERE "users"."id" = ? LIMIT ?[0m  [["id", 4], ["LIMIT", 1]]
  [1m[35m (0.1ms)[0m  [1m[36mbegin transaction[0m
  [1m[35mSQL (0.3ms)[0m  [1m[31mDELETE FROM "users" WHERE "users"."id" = ?[0m  [["id", 4]]
  [1m[35m (1.0ms)[0m  [1m[36mcommit transaction[0m
Redirected to http://localhost:3000/users
Completed 302 Found in 5ms (ActiveRecord: 1.6ms)


Started GET "/users" for 127.0.0.1 at 2017-12-20 17:49:36 +0900
Processing by UsersController#index as HTML
  Rendering users/index.html.erb within layouts/application
  [1m[36mUser Load (0.3ms)[0m  [1m[34mSELECT "users".* FROM "users"[0m
  Rendered users/index.html.erb within layouts/application (2.4ms)
Completed 200 OK in 20ms (Views: 18.1ms | ActiveRecord: 0.3ms)


Started GET "/users" for 127.0.0.1 at 2017-12-20 17:51:34 +0900
Processing by UsersController#index as HTML
  Rendering users/index.html.erb within layouts/application
  [1m[36mUser Load (0.2ms)[0m  [1m[34mSELECT "users".* FROM "users"[0m
  Rendered users/index.html.erb within layouts/application (12.2ms)
Completed 200 OK in 38ms (Views: 31.7ms | ActiveRecord: 2.3ms)


  [1m[35m (0.2ms)[0m  [1m[34mSELECT "schema_migrations"."version" FROM "schema_migrations" ORDER BY "schema_migrations"."version" ASC[0m
Migrating to CreateMicroposts (20171220085425)
  [1m[35m (0.1ms)[0m  [1m[36mbegin transaction[0m
  [1m[35m (0.1ms)[0m  [1m[34mSELECT sqlite_version(*)[0m
  [1m[35m (0.4ms)[0m  [1m[35mCREATE TABLE "microposts" ("id" INTEGER PRIMARY KEY AUTOINCREMENT NOT NULL, "content" text, "user_id" integer, "created_at" datetime NOT NULL, "updated_at" datetime NOT NULL)[0m
  [1m[35mSQL (0.2ms)[0m  [1m[32mINSERT INTO "schema_migrations" ("version") VALUES (?)[0m  [["version", "20171220085425"]]
  [1m[35m (1.0ms)[0m  [1m[36mcommit transaction[0m
  [1m[36mActiveRecord::InternalMetadata Load (0.2ms)[0m  [1m[34mSELECT  "ar_internal_metadata".* FROM "ar_internal_metadata" WHERE "ar_internal_metadata"."key" = ? LIMIT ?[0m  [["key", "environment"], ["LIMIT", 1]]
  [1m[35m (0.1ms)[0m  [1m[36mbegin transaction[0m
  [1m[35m (0.0ms)[0m  [1m[36mcommit transaction[0m
  [1m[35m (0.1ms)[0m  [1m[34mSELECT "schema_migrations"."version" FROM "schema_migrations" ORDER BY "schema_migrations"."version" ASC[0m
Started GET "/users" for 127.0.0.1 at 2017-12-20 17:55:12 +0900
  [1m[35m (0.2ms)[0m  [1m[34mSELECT "schema_migrations"."version" FROM "schema_migrations" ORDER BY "schema_migrations"."version" ASC[0m
Processing by UsersController#index as HTML
  Rendering users/index.html.erb within layouts/application
  [1m[36mUser Load (0.2ms)[0m  [1m[34mSELECT "users".* FROM "users"[0m
  Rendered users/index.html.erb within layouts/application (9.7ms)
Completed 200 OK in 97ms (Views: 90.2ms | ActiveRecord: 1.3ms)


Started GET "/" for 127.0.0.1 at 2017-12-20 17:55:37 +0900
Processing by UsersController#index as HTML
  Rendering users/index.html.erb within layouts/application
  [1m[36mUser Load (0.2ms)[0m  [1m[34mSELECT "users".* FROM "users"[0m
  Rendered users/index.html.erb within layouts/application (2.2ms)
Completed 200 OK in 21ms (Views: 18.6ms | ActiveRecord: 0.2ms)


Started GET "/microposts" for 127.0.0.1 at 2017-12-20 17:55:38 +0900
Processing by MicropostsController#index as HTML
  Rendering microposts/index.html.erb within layouts/application
  [1m[36mMicropost Load (0.2ms)[0m  [1m[34mSELECT "microposts".* FROM "microposts"[0m
  Rendered microposts/index.html.erb within layouts/application (2.3ms)
Completed 200 OK in 28ms (Views: 22.6ms | ActiveRecord: 0.5ms)


Started GET "/microposts" for 127.0.0.1 at 2017-12-20 17:55:40 +0900
Processing by MicropostsController#index as HTML
  Rendering microposts/index.html.erb within layouts/application
  [1m[36mMicropost Load (0.4ms)[0m  [1m[34mSELECT "microposts".* FROM "microposts"[0m
  Rendered microposts/index.html.erb within layouts/application (2.1ms)
Completed 200 OK in 29ms (Views: 25.5ms | ActiveRecord: 0.4ms)


Started GET "/microposts/new" for 127.0.0.1 at 2017-12-20 17:55:41 +0900
Processing by MicropostsController#new as HTML
  Rendering microposts/new.html.erb within layouts/application
  Rendered microposts/_form.html.erb (5.7ms)
  Rendered microposts/new.html.erb within layouts/application (9.4ms)
Completed 200 OK in 47ms (Views: 32.0ms | ActiveRecord: 0.9ms)


Started POST "/microposts" for 127.0.0.1 at 2017-12-20 17:55:57 +0900
Processing by MicropostsController#create as HTML
  Parameters: {"utf8"=>"✓", "authenticity_token"=>"xnEj/768KQXpeQILobkmUQZ1r2JzrihRgIfaJYyP6IaquWG3jNyLoMqCf4h5jdehbZyFeB5uff9P10548V3geg==", "micropost"=>{"content"=>"first", "user_id"=>"1"}, "commit"=>"Create Micropost"}
  [1m[35m (0.2ms)[0m  [1m[36mbegin transaction[0m
  [1m[35mSQL (0.6ms)[0m  [1m[32mINSERT INTO "microposts" ("content", "user_id", "created_at", "updated_at") VALUES (?, ?, ?, ?)[0m  [["content", "first"], ["user_id", 1], ["created_at", "2017-12-20 08:55:57.943905"], ["updated_at", "2017-12-20 08:55:57.943905"]]
  [1m[35m (1.2ms)[0m  [1m[36mcommit transaction[0m
Redirected to http://localhost:3000/microposts/1
Completed 302 Found in 6ms (ActiveRecord: 2.0ms)


Started GET "/microposts/1" for 127.0.0.1 at 2017-12-20 17:55:57 +0900
Processing by MicropostsController#show as HTML
  Parameters: {"id"=>"1"}
  [1m[36mMicropost Load (0.2ms)[0m  [1m[34mSELECT  "microposts".* FROM "microposts" WHERE "microposts"."id" = ? LIMIT ?[0m  [["id", 1], ["LIMIT", 1]]
  Rendering microposts/show.html.erb within layouts/application
  Rendered microposts/show.html.erb within layouts/application (0.9ms)
Completed 200 OK in 25ms (Views: 21.1ms | ActiveRecord: 0.2ms)


Started GET "/microposts" for 127.0.0.1 at 2017-12-20 17:56:00 +0900
Processing by MicropostsController#index as HTML
  Rendering microposts/index.html.erb within layouts/application
  [1m[36mMicropost Load (0.2ms)[0m  [1m[34mSELECT "microposts".* FROM "microposts"[0m
  Rendered microposts/index.html.erb within layouts/application (1.6ms)
Completed 200 OK in 28ms (Views: 23.8ms | ActiveRecord: 0.2ms)


Started GET "/microposts/new" for 127.0.0.1 at 2017-12-20 17:56:01 +0900
Processing by MicropostsController#new as HTML
  Rendering microposts/new.html.erb within layouts/application
  Rendered microposts/_form.html.erb (2.0ms)
  Rendered microposts/new.html.erb within layouts/application (3.8ms)
Completed 200 OK in 26ms (Views: 22.5ms | ActiveRecord: 0.0ms)


Started POST "/microposts" for 127.0.0.1 at 2017-12-20 17:56:09 +0900
Processing by MicropostsController#create as HTML
  Parameters: {"utf8"=>"✓", "authenticity_token"=>"CgDJnY5jCmsx7AJPmfD7WmhLVaIPA5LeUnsmmkVdhphmyIvVvAOozhIXf8xBxAqqA6J/uGLDx3CdK7LHOI+OZA==", "micropost"=>{"content"=>"second", "user_id"=>"2"}, "commit"=>"Create Micropost"}
  [1m[35m (0.1ms)[0m  [1m[36mbegin transaction[0m
  [1m[35mSQL (0.9ms)[0m  [1m[32mINSERT INTO "microposts" ("content", "user_id", "created_at", "updated_at") VALUES (?, ?, ?, ?)[0m  [["content", "second"], ["user_id", 2], ["created_at", "2017-12-20 08:56:09.615280"], ["updated_at", "2017-12-20 08:56:09.615280"]]
  [1m[35m (1.2ms)[0m  [1m[36mcommit transaction[0m
Redirected to http://localhost:3000/microposts/2
Completed 302 Found in 6ms (ActiveRecord: 2.2ms)


Started GET "/microposts/2" for 127.0.0.1 at 2017-12-20 17:56:09 +0900
Processing by MicropostsController#show as HTML
  Parameters: {"id"=>"2"}
  [1m[36mMicropost Load (0.1ms)[0m  [1m[34mSELECT  "microposts".* FROM "microposts" WHERE "microposts"."id" = ? LIMIT ?[0m  [["id", 2], ["LIMIT", 1]]
  Rendering microposts/show.html.erb within layouts/application
  Rendered microposts/show.html.erb within layouts/application (0.9ms)
Completed 200 OK in 22ms (Views: 19.7ms | ActiveRecord: 0.1ms)


Started GET "/microposts" for 127.0.0.1 at 2017-12-20 17:56:10 +0900
Processing by MicropostsController#index as HTML
  Rendering microposts/index.html.erb within layouts/application
  [1m[36mMicropost Load (0.3ms)[0m  [1m[34mSELECT "microposts".* FROM "microposts"[0m
  Rendered microposts/index.html.erb within layouts/application (2.7ms)
Completed 200 OK in 30ms (Views: 25.0ms | ActiveRecord: 0.3ms)


Started GET "/microposts" for 127.0.0.1 at 2017-12-21 09:21:29 +0900
Started GET "/microposts/new" for 127.0.0.1 at 2017-12-21 09:21:29 +0900
Processing by MicropostsController#index as HTML
Processing by MicropostsController#new as HTML
  Rendering microposts/index.html.erb within layouts/application
  Rendering microposts/new.html.erb within layouts/application
  [1m[36mMicropost Load (0.6ms)[0m  [1m[34mSELECT "microposts".* FROM "microposts"[0m
  Rendered microposts/index.html.erb within layouts/application (7.3ms)
  Rendered microposts/_form.html.erb (4.1ms)
  Rendered microposts/new.html.erb within layouts/application (15.6ms)
Completed 200 OK in 92ms (Views: 69.3ms | ActiveRecord: 1.7ms)


Completed 200 OK in 95ms (Views: 72.0ms | ActiveRecord: 1.0ms)


Started GET "/microposts/new" for 127.0.0.1 at 2017-12-21 09:28:33 +0900
Processing by MicropostsController#new as HTML
  Rendering microposts/new.html.erb within layouts/application
  Rendered microposts/_form.html.erb (3.0ms)
  Rendered microposts/new.html.erb within layouts/application (6.1ms)
Completed 200 OK in 47ms (Views: 34.1ms | ActiveRecord: 1.4ms)


Started GET "/microposts/new" for 127.0.0.1 at 2017-12-21 09:29:13 +0900
Started GET "/microposts/" for 127.0.0.1 at 2017-12-21 09:29:13 +0900
  [1m[35m (0.2ms)[0m  [1m[34mSELECT "schema_migrations"."version" FROM "schema_migrations" ORDER BY "schema_migrations"."version" ASC[0m
  [1m[35m (0.2ms)[0m  [1m[34mSELECT "schema_migrations"."version" FROM "schema_migrations" ORDER BY "schema_migrations"."version" ASC[0m
Processing by MicropostsController#index as HTML
Processing by MicropostsController#new as HTML
  Rendering microposts/index.html.erb within layouts/application
  Rendering microposts/new.html.erb within layouts/application
  [1m[36mMicropost Load (0.2ms)[0m  [1m[34mSELECT "microposts".* FROM "microposts"[0m
  Rendered microposts/index.html.erb within layouts/application (8.3ms)
  Rendered microposts/_form.html.erb (224.5ms)
  Rendered microposts/new.html.erb within layouts/application (228.6ms)
Completed 200 OK in 417ms (Views: 406.4ms | ActiveRecord: 0.8ms)


Completed 200 OK in 433ms (Views: 421.1ms | ActiveRecord: 0.2ms)


Started GET "/microposts/new" for 127.0.0.1 at 2017-12-21 09:29:22 +0900
Processing by MicropostsController#new as HTML
  Rendering microposts/new.html.erb within layouts/application
  Rendered microposts/_form.html.erb (1.7ms)
  Rendered microposts/new.html.erb within layouts/application (3.7ms)
Completed 200 OK in 26ms (Views: 22.4ms | ActiveRecord: 0.0ms)


Started GET "/microposts/new" for 127.0.0.1 at 2017-12-21 09:32:18 +0900
Started GET "/microposts" for 127.0.0.1 at 2017-12-21 09:32:18 +0900
Processing by MicropostsController#new as HTML
Processing by MicropostsController#index as HTML
  Rendering microposts/new.html.erb within layouts/application
  Rendering microposts/index.html.erb within layouts/application
  Rendered microposts/_form.html.erb (1.9ms)
  [1m[36mMicropost Load (0.3ms)[0m  [1m[34mSELECT "microposts".* FROM "microposts"[0m
  Rendered microposts/new.html.erb within layouts/application (5.9ms)
  Rendered microposts/index.html.erb within layouts/application (3.0ms)
Completed 200 OK in 53ms (Views: 48.2ms | ActiveRecord: 0.0ms)


Completed 200 OK in 53ms (Views: 45.4ms | ActiveRecord: 0.3ms)


Started GET "/" for 127.0.0.1 at 2017-12-21 09:32:19 +0900
Processing by UsersController#index as HTML
  Rendering users/index.html.erb within layouts/application
  [1m[36mUser Load (0.2ms)[0m  [1m[34mSELECT "users".* FROM "users"[0m
  Rendered users/index.html.erb within layouts/application (8.5ms)
Completed 200 OK in 35ms (Views: 30.1ms | ActiveRecord: 1.0ms)


Started GET "/users" for 127.0.0.1 at 2017-12-21 09:32:20 +0900
Processing by UsersController#index as HTML
  Rendering users/index.html.erb within layouts/application
  [1m[36mUser Load (0.2ms)[0m  [1m[34mSELECT "users".* FROM "users"[0m
  Rendered users/index.html.erb within layouts/application (2.1ms)
Completed 200 OK in 21ms (Views: 18.6ms | ActiveRecord: 0.2ms)


Started GET "/users" for 127.0.0.1 at 2017-12-21 09:32:20 +0900
Processing by UsersController#index as HTML
  Rendering users/index.html.erb within layouts/application
  [1m[36mUser Load (0.2ms)[0m  [1m[34mSELECT "users".* FROM "users"[0m
  Rendered users/index.html.erb within layouts/application (3.4ms)
Completed 200 OK in 40ms (Views: 35.7ms | ActiveRecord: 0.2ms)


Started GET "/users/new" for 127.0.0.1 at 2017-12-21 09:35:53 +0900
Processing by UsersController#new as HTML
  Rendering users/new.html.erb within layouts/application
  Rendered users/_form.html.erb (2.7ms)
  Rendered users/new.html.erb within layouts/application (5.1ms)
Completed 200 OK in 30ms (Views: 25.3ms | ActiveRecord: 0.0ms)


Started POST "/users" for 127.0.0.1 at 2017-12-21 09:36:39 +0900
Processing by UsersController#create as HTML
  Parameters: {"utf8"=>"✓", "authenticity_token"=>"YJQCJNd9HyJXiLQTLhVV4tnFdaxqJT64TZfIO3bbIlL7Py1YgRksAhbKr1J+8wjbakINv10i67caBYfOCCuGqw==", "user"=>{"name"=>"Takayo", "email"=>"takayo@example.com"}, "commit"=>"Create User"}
  [1m[35m (0.1ms)[0m  [1m[36mbegin transaction[0m
  [1m[35mSQL (0.4ms)[0m  [1m[32mINSERT INTO "users" ("name", "email", "created_at", "updated_at") VALUES (?, ?, ?, ?)[0m  [["name", "Takayo"], ["email", "takayo@example.com"], ["created_at", "2017-12-21 00:36:39.859318"], ["updated_at", "2017-12-21 00:36:39.859318"]]
  [1m[35m (0.9ms)[0m  [1m[36mcommit transaction[0m
Redirected to http://localhost:3000/users/5
Completed 302 Found in 5ms (ActiveRecord: 1.4ms)


Started GET "/users/5" for 127.0.0.1 at 2017-12-21 09:36:39 +0900
Processing by UsersController#show as HTML
  Parameters: {"id"=>"5"}
  [1m[36mUser Load (0.2ms)[0m  [1m[34mSELECT  "users".* FROM "users" WHERE "users"."id" = ? LIMIT ?[0m  [["id", 5], ["LIMIT", 1]]
  Rendering users/show.html.erb within layouts/application
  Rendered users/show.html.erb within layouts/application (0.8ms)
Completed 200 OK in 30ms (Views: 24.7ms | ActiveRecord: 0.2ms)


Started GET "/users/5" for 127.0.0.1 at 2017-12-21 09:38:14 +0900
Processing by UsersController#show as HTML
  Parameters: {"id"=>"5"}
  [1m[36mUser Load (0.3ms)[0m  [1m[34mSELECT  "users".* FROM "users" WHERE "users"."id" = ? LIMIT ?[0m  [["id", 5], ["LIMIT", 1]]
  Rendering users/show.html.erb within layouts/application
  Rendered users/show.html.erb within layouts/application (6.6ms)
Completed 200 OK in 33ms (Views: 29.4ms | ActiveRecord: 0.3ms)


Started GET "/users" for 127.0.0.1 at 2017-12-21 09:41:01 +0900
Processing by UsersController#index as HTML
  Rendering users/index.html.erb within layouts/application
  [1m[36mUser Load (0.2ms)[0m  [1m[34mSELECT "users".* FROM "users"[0m
  Rendered users/index.html.erb within layouts/application (2.4ms)
Completed 200 OK in 34ms (Views: 31.0ms | ActiveRecord: 0.2ms)


Started GET "/users/new" for 127.0.0.1 at 2017-12-21 09:41:10 +0900
Processing by UsersController#new as HTML
  Rendering users/new.html.erb within layouts/application
  Rendered users/_form.html.erb (1.9ms)
  Rendered users/new.html.erb within layouts/application (4.8ms)
Completed 200 OK in 33ms (Views: 28.1ms | ActiveRecord: 0.0ms)


Started POST "/users" for 127.0.0.1 at 2017-12-21 09:41:20 +0900
Processing by UsersController#create as HTML
  Parameters: {"utf8"=>"✓", "authenticity_token"=>"DBurc3l/3Y51jVYqw3XX+y2AqsNN1WaJ0vBPzPOAxYaXsIQPLxvurjTPTWuTk4rCngfS0HrSs4aFYgA5jXBhfw==", "user"=>{"name"=>"Mitsushi", "email"=>""}, "commit"=>"Create User"}
  [1m[35m (0.1ms)[0m  [1m[36mbegin transaction[0m
  [1m[35mSQL (0.4ms)[0m  [1m[32mINSERT INTO "users" ("name", "email", "created_at", "updated_at") VALUES (?, ?, ?, ?)[0m  [["name", "Mitsushi"], ["email", ""], ["created_at", "2017-12-21 00:41:20.529200"], ["updated_at", "2017-12-21 00:41:20.529200"]]
  [1m[35m (0.8ms)[0m  [1m[36mcommit transaction[0m
Redirected to http://localhost:3000/users/6
Completed 302 Found in 6ms (ActiveRecord: 1.3ms)


Started GET "/users/6" for 127.0.0.1 at 2017-12-21 09:41:20 +0900
Processing by UsersController#show as HTML
  Parameters: {"id"=>"6"}
  [1m[36mUser Load (0.2ms)[0m  [1m[34mSELECT  "users".* FROM "users" WHERE "users"."id" = ? LIMIT ?[0m  [["id", 6], ["LIMIT", 1]]
  Rendering users/show.html.erb within layouts/application
  Rendered users/show.html.erb within layouts/application (1.4ms)
Completed 200 OK in 27ms (Views: 23.9ms | ActiveRecord: 0.2ms)


Started GET "/users" for 127.0.0.1 at 2017-12-21 10:26:39 +0900
Processing by UsersController#index as HTML
  Rendering users/index.html.erb within layouts/application
  [1m[36mUser Load (5.2ms)[0m  [1m[34mSELECT "users".* FROM "users"[0m
  Rendered users/index.html.erb within layouts/application (8.5ms)
Completed 200 OK in 31ms (Views: 22.7ms | ActiveRecord: 5.2ms)


Started DELETE "/users/6" for 127.0.0.1 at 2017-12-21 10:27:41 +0900
Processing by UsersController#destroy as HTML
  Parameters: {"authenticity_token"=>"xwb6TPba0W7OAH+bSzHE/WHOo8OHn9FgnOF3HijuWYD1FX8oDD3iL1SUCKWDpf37uOV4482ZdlnobSOAtka4nw==", "id"=>"6"}
  [1m[36mUser Load (0.1ms)[0m  [1m[34mSELECT  "users".* FROM "users" WHERE "users"."id" = ? LIMIT ?[0m  [["id", 6], ["LIMIT", 1]]
  [1m[35m (0.0ms)[0m  [1m[36mbegin transaction[0m
  [1m[35mSQL (0.3ms)[0m  [1m[31mDELETE FROM "users" WHERE "users"."id" = ?[0m  [["id", 6]]
  [1m[35m (1.1ms)[0m  [1m[36mcommit transaction[0m
Redirected to http://localhost:3000/users
Completed 302 Found in 5ms (ActiveRecord: 1.6ms)


Started GET "/users" for 127.0.0.1 at 2017-12-21 10:27:41 +0900
Processing by UsersController#index as HTML
  Rendering users/index.html.erb within layouts/application
  [1m[36mUser Load (0.2ms)[0m  [1m[34mSELECT "users".* FROM "users"[0m
  Rendered users/index.html.erb within layouts/application (2.5ms)
Completed 200 OK in 24ms (Views: 21.8ms | ActiveRecord: 0.2ms)


Started GET "/users/5/edit" for 127.0.0.1 at 2017-12-21 10:42:13 +0900
Processing by UsersController#edit as HTML
  Parameters: {"id"=>"5"}
  [1m[36mUser Load (0.1ms)[0m  [1m[34mSELECT  "users".* FROM "users" WHERE "users"."id" = ? LIMIT ?[0m  [["id", 5], ["LIMIT", 1]]
  Rendering users/edit.html.erb within layouts/application
  Rendered users/_form.html.erb (1.8ms)
  Rendered users/edit.html.erb within layouts/application (3.9ms)
Completed 200 OK in 31ms (Views: 24.4ms | ActiveRecord: 0.1ms)


Started GET "/users/1/edit" for 127.0.0.1 at 2017-12-21 10:42:20 +0900
Processing by UsersController#edit as HTML
  Parameters: {"id"=>"1"}
  [1m[36mUser Load (0.2ms)[0m  [1m[34mSELECT  "users".* FROM "users" WHERE "users"."id" = ? LIMIT ?[0m  [["id", 1], ["LIMIT", 1]]
  Rendering users/edit.html.erb within layouts/application
  Rendered users/_form.html.erb (1.8ms)
  Rendered users/edit.html.erb within layouts/application (4.3ms)
Completed 200 OK in 30ms (Views: 26.7ms | ActiveRecord: 0.2ms)


Started GET "/microposts" for 127.0.0.1 at 2017-12-21 15:07:51 +0900
Processing by MicropostsController#index as HTML
  Rendering microposts/index.html.erb within layouts/application
  [1m[36mMicropost Load (2.0ms)[0m  [1m[34mSELECT "microposts".* FROM "microposts"[0m
  Rendered microposts/index.html.erb within layouts/application (16.2ms)
Completed 200 OK in 91ms (Views: 76.5ms | ActiveRecord: 2.0ms)


Started GET "/microposts/new" for 127.0.0.1 at 2017-12-21 15:07:56 +0900
Processing by MicropostsController#new as HTML
  Rendering microposts/new.html.erb within layouts/application
  Rendered microposts/_form.html.erb (7.8ms)
  Rendered microposts/new.html.erb within layouts/application (11.2ms)
Completed 200 OK in 47ms (Views: 41.3ms | ActiveRecord: 0.0ms)


Started POST "/microposts" for 127.0.0.1 at 2017-12-21 15:08:09 +0900
Processing by MicropostsController#create as HTML
  Parameters: {"utf8"=>"✓", "authenticity_token"=>"/BIrDzFXD1Z2F4GqiQaXgs2O9BlodWKkKKZgvwga1PmQ2mlHAzet81Xs/ClRMmZypmfeAwW1Nwrn9vTidcjcBQ==", "micropost"=>{"content"=>"qweqowiruoieuwqoisjkdalksjdkjhjkhkjhfk", "user_id"=>"5"}, "commit"=>"Create Micropost"}
  [1m[35m (0.2ms)[0m  [1m[36mbegin transaction[0m
  [1m[35mSQL (1.6ms)[0m  [1m[32mINSERT INTO "microposts" ("content", "user_id", "created_at", "updated_at") VALUES (?, ?, ?, ?)[0m  [["content", "qweqowiruoieuwqoisjkdalksjdkjhjkhkjhfk"], ["user_id", 5], ["created_at", "2017-12-21 06:08:09.115255"], ["updated_at", "2017-12-21 06:08:09.115255"]]
  [1m[35m (1.1ms)[0m  [1m[36mcommit transaction[0m
Redirected to http://localhost:3000/microposts/3
Completed 302 Found in 12ms (ActiveRecord: 2.9ms)


Started GET "/microposts/3" for 127.0.0.1 at 2017-12-21 15:08:09 +0900
Processing by MicropostsController#show as HTML
  Parameters: {"id"=>"3"}
  [1m[36mMicropost Load (0.2ms)[0m  [1m[34mSELECT  "microposts".* FROM "microposts" WHERE "microposts"."id" = ? LIMIT ?[0m  [["id", 3], ["LIMIT", 1]]
  Rendering microposts/show.html.erb within layouts/application
  Rendered microposts/show.html.erb within layouts/application (1.1ms)
Completed 200 OK in 41ms (Views: 35.1ms | ActiveRecord: 0.2ms)


Started GET "/microposts" for 127.0.0.1 at 2017-12-21 15:08:27 +0900
Processing by MicropostsController#index as HTML
  Rendering microposts/index.html.erb within layouts/application
  [1m[36mMicropost Load (0.2ms)[0m  [1m[34mSELECT "microposts".* FROM "microposts"[0m
  Rendered microposts/index.html.erb within layouts/application (2.4ms)
Completed 200 OK in 55ms (Views: 50.1ms | ActiveRecord: 0.2ms)


Started DELETE "/microposts/3" for 127.0.0.1 at 2017-12-21 15:08:31 +0900
Processing by MicropostsController#destroy as HTML
  Parameters: {"authenticity_token"=>"HFjfwMgDbIjAWmaW3+WqdR8K7Obxlc1OPYihsSDx28wuS1qkMuRfyVrOEagXcZNzxiE3xruTandJBPUvvlk60w==", "id"=>"3"}
  [1m[36mMicropost Load (0.2ms)[0m  [1m[34mSELECT  "microposts".* FROM "microposts" WHERE "microposts"."id" = ? LIMIT ?[0m  [["id", 3], ["LIMIT", 1]]
  [1m[35m (0.1ms)[0m  [1m[36mbegin transaction[0m
  [1m[35mSQL (0.3ms)[0m  [1m[31mDELETE FROM "microposts" WHERE "microposts"."id" = ?[0m  [["id", 3]]
  [1m[35m (1.5ms)[0m  [1m[36mcommit transaction[0m
Redirected to http://localhost:3000/microposts
Completed 302 Found in 20ms (ActiveRecord: 2.1ms)


Started GET "/microposts" for 127.0.0.1 at 2017-12-21 15:08:31 +0900
Processing by MicropostsController#index as HTML
  Rendering microposts/index.html.erb within layouts/application
  [1m[36mMicropost Load (0.2ms)[0m  [1m[34mSELECT "microposts".* FROM "microposts"[0m
  Rendered microposts/index.html.erb within layouts/application (2.9ms)
Completed 200 OK in 29ms (Views: 27.2ms | ActiveRecord: 0.2ms)


Started GET "/microposts" for 127.0.0.1 at 2017-12-21 15:11:51 +0900
Processing by MicropostsController#index as HTML
  Rendering microposts/index.html.erb within layouts/application
  [1m[36mMicropost Load (0.2ms)[0m  [1m[34mSELECT "microposts".* FROM "microposts"[0m
  Rendered microposts/index.html.erb within layouts/application (11.8ms)
Completed 200 OK in 39ms (Views: 32.5ms | ActiveRecord: 1.7ms)


Started GET "/microposts/new" for 127.0.0.1 at 2017-12-21 15:11:52 +0900
Processing by MicropostsController#new as HTML
  Rendering microposts/new.html.erb within layouts/application
  Rendered microposts/_form.html.erb (2.0ms)
  Rendered microposts/new.html.erb within layouts/application (4.1ms)
Completed 200 OK in 31ms (Views: 25.3ms | ActiveRecord: 0.0ms)


Started POST "/microposts" for 127.0.0.1 at 2017-12-21 15:12:05 +0900
Processing by MicropostsController#create as HTML
  Parameters: {"utf8"=>"✓", "authenticity_token"=>"4JYIyNUJ9NvoJCUJxVXxv4R1Vgf3gfT/U0+tGGvGe6yMXkqA52lWfsvfWIodYQBP75x8HZpBoVGcHzlFFhRzUA==", "micropost"=>{"content"=>"12345678901234", "user_id"=>"5"}, "commit"=>"Create Micropost"}
  [1m[35m (0.1ms)[0m  [1m[36mbegin transaction[0m
  [1m[35mSQL (0.3ms)[0m  [1m[32mINSERT INTO "microposts" ("content", "user_id", "created_at", "updated_at") VALUES (?, ?, ?, ?)[0m  [["content", "12345678901234"], ["user_id", 5], ["created_at", "2017-12-21 06:12:05.908499"], ["updated_at", "2017-12-21 06:12:05.908499"]]
  [1m[35m (1.1ms)[0m  [1m[36mcommit transaction[0m
Redirected to http://localhost:3000/microposts/4
Completed 302 Found in 5ms (ActiveRecord: 1.5ms)


Started GET "/microposts/4" for 127.0.0.1 at 2017-12-21 15:12:05 +0900
Processing by MicropostsController#show as HTML
  Parameters: {"id"=>"4"}
  [1m[36mMicropost Load (0.2ms)[0m  [1m[34mSELECT  "microposts".* FROM "microposts" WHERE "microposts"."id" = ? LIMIT ?[0m  [["id", 4], ["LIMIT", 1]]
  Rendering microposts/show.html.erb within layouts/application
  Rendered microposts/show.html.erb within layouts/application (1.3ms)
Completed 200 OK in 34ms (Views: 30.5ms | ActiveRecord: 0.2ms)


Started GET "/microposts/" for 127.0.0.1 at 2017-12-21 15:13:02 +0900
Processing by MicropostsController#index as HTML
  Rendering microposts/index.html.erb within layouts/application
  [1m[36mMicropost Load (0.2ms)[0m  [1m[34mSELECT "microposts".* FROM "microposts"[0m
  Rendered microposts/index.html.erb within layouts/application (8.8ms)
Completed 200 OK in 35ms (Views: 30.8ms | ActiveRecord: 1.1ms)


Started GET "/microposts/" for 127.0.0.1 at 2017-12-21 15:13:02 +0900
Processing by MicropostsController#index as HTML
  Rendering microposts/index.html.erb within layouts/application
  [1m[36mMicropost Load (0.3ms)[0m  [1m[34mSELECT "microposts".* FROM "microposts"[0m
  Rendered microposts/index.html.erb within layouts/application (3.0ms)
Completed 200 OK in 26ms (Views: 22.7ms | ActiveRecord: 0.3ms)


Started GET "/microposts/new" for 127.0.0.1 at 2017-12-21 15:13:04 +0900
Processing by MicropostsController#new as HTML
  Rendering microposts/new.html.erb within layouts/application
  Rendered microposts/_form.html.erb (2.2ms)
  Rendered microposts/new.html.erb within layouts/application (4.2ms)
Completed 200 OK in 38ms (Views: 33.6ms | ActiveRecord: 0.0ms)


Started POST "/microposts" for 127.0.0.1 at 2017-12-21 15:13:21 +0900
Processing by MicropostsController#create as HTML
  Parameters: {"utf8"=>"✓", "authenticity_token"=>"sgn8f+s15ftiX2VQkA5wW9xGjDZZpjbXBG3+YLkozsLewb432VVHXkGkGNNIOoGrt6+mLDRmY3nLPWo9xPrGPg==", "micropost"=>{"content"=>"111111111111111111111111111111111111111111111111", "user_id"=>"6"}, "commit"=>"Create Micropost"}
  [1m[35m (0.1ms)[0m  [1m[36mbegin transaction[0m
  [1m[35mSQL (0.6ms)[0m  [1m[32mINSERT INTO "microposts" ("content", "user_id", "created_at", "updated_at") VALUES (?, ?, ?, ?)[0m  [["content", "111111111111111111111111111111111111111111111111"], ["user_id", 6], ["created_at", "2017-12-21 06:13:21.003225"], ["updated_at", "2017-12-21 06:13:21.003225"]]
  [1m[35m (1.0ms)[0m  [1m[36mcommit transaction[0m
Redirected to http://localhost:3000/microposts/5
Completed 302 Found in 6ms (ActiveRecord: 1.7ms)


Started GET "/microposts/5" for 127.0.0.1 at 2017-12-21 15:13:21 +0900
Processing by MicropostsController#show as HTML
  Parameters: {"id"=>"5"}
  [1m[36mMicropost Load (0.2ms)[0m  [1m[34mSELECT  "microposts".* FROM "microposts" WHERE "microposts"."id" = ? LIMIT ?[0m  [["id", 5], ["LIMIT", 1]]
  Rendering microposts/show.html.erb within layouts/application
  Rendered microposts/show.html.erb within layouts/application (0.8ms)
Completed 200 OK in 30ms (Views: 26.5ms | ActiveRecord: 0.2ms)


Started GET "/microposts" for 127.0.0.1 at 2017-12-21 15:14:04 +0900
Processing by MicropostsController#index as HTML
Completed 500 Internal Server Error in 18ms


  
Started GET "/microposts" for 127.0.0.1 at 2017-12-21 15:14:04 +0900
NameError (undefined local variable or method `aaaaaaa' for #<Class:0x00007fe9354f1a70>):
Processing by MicropostsController#index as HTML
  
app/models/micropost.rb:4:in `<class:Micropost>'
app/models/micropost.rb:2:in `<class:Micropost>'
app/models/micropost.rb:1:in `<top (required)>'
app/controllers/microposts_controller.rb:7:in `index'
Completed 500 Internal Server Error in 542ms


  
NameError (undefined local variable or method `aaaaaaa' for #<Class:0x00007fe9371270a0>):
  
app/models/micropost.rb:4:in `<class:Micropost>'
app/models/micropost.rb:2:in `<class:Micropost>'
app/models/micropost.rb:1:in `<top (required)>'
app/controllers/microposts_controller.rb:7:in `index'
Started GET "/microposts" for 127.0.0.1 at 2017-12-21 15:17:04 +0900
Processing by MicropostsController#index as HTML
  Rendering microposts/index.html.erb within layouts/application
  [1m[36mMicropost Load (0.2ms)[0m  [1m[34mSELECT "microposts".* FROM "microposts"[0m
  Rendered microposts/index.html.erb within layouts/application (11.3ms)
Completed 200 OK in 37ms (Views: 32.8ms | ActiveRecord: 2.0ms)


Started GET "/microposts/new" for 127.0.0.1 at 2017-12-21 15:17:06 +0900
Processing by MicropostsController#new as HTML
  Rendering microposts/new.html.erb within layouts/application
  Rendered microposts/_form.html.erb (2.1ms)
  Rendered microposts/new.html.erb within layouts/application (4.0ms)
Completed 200 OK in 29ms (Views: 24.7ms | ActiveRecord: 0.0ms)


Started POST "/microposts" for 127.0.0.1 at 2017-12-21 15:17:16 +0900
Processing by MicropostsController#create as HTML
  Parameters: {"utf8"=>"✓", "authenticity_token"=>"jEPxc3F7d6dm60LG6thsyDUaEdj3XZbl1y86vZ1lQTDgi7M7QxvVAkUQP0Uy7J04XvM7wpqdw0sYf67g4LdJzA==", "micropost"=>{"content"=>"123334567890567890123", "user_id"=>"7"}, "commit"=>"Create Micropost"}
  [1m[35m (0.1ms)[0m  [1m[36mbegin transaction[0m
  [1m[35m (0.2ms)[0m  [1m[31mrollback transaction[0m
  Rendering microposts/new.html.erb within layouts/application
  Rendered microposts/_form.html.erb (1.9ms)
  Rendered microposts/new.html.erb within layouts/application (3.8ms)
Completed 200 OK in 29ms (Views: 25.5ms | ActiveRecord: 0.2ms)


Started GET "/microposts" for 127.0.0.1 at 2017-12-21 15:17:27 +0900
Processing by MicropostsController#index as HTML
  Rendering microposts/index.html.erb within layouts/application
  [1m[36mMicropost Load (0.2ms)[0m  [1m[34mSELECT "microposts".* FROM "microposts"[0m
  Rendered microposts/index.html.erb within layouts/application (2.6ms)
Completed 200 OK in 26ms (Views: 23.6ms | ActiveRecord: 0.2ms)


Started DELETE "/microposts/5" for 127.0.0.1 at 2017-12-21 15:17:31 +0900
Processing by MicropostsController#destroy as HTML
  Parameters: {"authenticity_token"=>"ptEDlGWJUa69yG7rNxmCMkq06AW/tzIj/ZfUt88IrbqUwobwn25i7ydcGdX/jbs0k58zJfWxlRqJG4ApUaBMpQ==", "id"=>"5"}
  [1m[36mMicropost Load (0.2ms)[0m  [1m[34mSELECT  "microposts".* FROM "microposts" WHERE "microposts"."id" = ? LIMIT ?[0m  [["id", 5], ["LIMIT", 1]]
  [1m[35m (0.1ms)[0m  [1m[36mbegin transaction[0m
  [1m[35mSQL (0.4ms)[0m  [1m[31mDELETE FROM "microposts" WHERE "microposts"."id" = ?[0m  [["id", 5]]
  [1m[35m (1.1ms)[0m  [1m[36mcommit transaction[0m
Redirected to http://localhost:3000/microposts
Completed 302 Found in 5ms (ActiveRecord: 1.7ms)


Started GET "/microposts" for 127.0.0.1 at 2017-12-21 15:17:31 +0900
Processing by MicropostsController#index as HTML
  Rendering microposts/index.html.erb within layouts/application
  [1m[36mMicropost Load (0.2ms)[0m  [1m[34mSELECT "microposts".* FROM "microposts"[0m
  Rendered microposts/index.html.erb within layouts/application (9.3ms)
Completed 200 OK in 35ms (Views: 32.5ms | ActiveRecord: 0.2ms)


Started DELETE "/microposts/4" for 127.0.0.1 at 2017-12-21 15:17:34 +0900
Processing by MicropostsController#destroy as HTML
  Parameters: {"authenticity_token"=>"sN9W67KSvde+uJVuD5d25AoUZQ0TDizES/T4Z7bzPa+CzNOPSHWOliQs4lDHA0/i0z++LVkIi/0/eKz5KFvcsA==", "id"=>"4"}
  [1m[36mMicropost Load (0.1ms)[0m  [1m[34mSELECT  "microposts".* FROM "microposts" WHERE "microposts"."id" = ? LIMIT ?[0m  [["id", 4], ["LIMIT", 1]]
  [1m[35m (0.1ms)[0m  [1m[36mbegin transaction[0m
  [1m[35mSQL (0.3ms)[0m  [1m[31mDELETE FROM "microposts" WHERE "microposts"."id" = ?[0m  [["id", 4]]
  [1m[35m (1.0ms)[0m  [1m[36mcommit transaction[0m
Redirected to http://localhost:3000/microposts
Completed 302 Found in 4ms (ActiveRecord: 1.5ms)


Started GET "/microposts" for 127.0.0.1 at 2017-12-21 15:17:34 +0900
Processing by MicropostsController#index as HTML
  Rendering microposts/index.html.erb within layouts/application
  [1m[36mMicropost Load (0.3ms)[0m  [1m[34mSELECT "microposts".* FROM "microposts"[0m
  Rendered microposts/index.html.erb within layouts/application (2.9ms)
Completed 200 OK in 24ms (Views: 21.2ms | ActiveRecord: 0.3ms)


  [1m[36mUser Load (0.2ms)[0m  [1m[34mSELECT  "users".* FROM "users" ORDER BY "users"."id" ASC LIMIT ?[0m  [["LIMIT", 1]]
  [1m[36mUser Load (0.4ms)[0m  [1m[34mSELECT  "users".* FROM "users" ORDER BY "users"."id" ASC LIMIT ?[0m  [["LIMIT", 1]]
  [1m[36mMicropost Load (0.2ms)[0m  [1m[34mSELECT  "microposts".* FROM "microposts" WHERE "microposts"."user_id" = ? LIMIT ?[0m  [["user_id", 1], ["LIMIT", 11]]
  [1m[36mMicropost Load (0.5ms)[0m  [1m[34mSELECT  "microposts".* FROM "microposts" WHERE "microposts"."user_id" = ? ORDER BY "microposts"."id" ASC LIMIT ?[0m  [["user_id", 1], ["LIMIT", 1]]
Started GET "/" for 127.0.0.1 at 2017-12-21 15:44:45 +0900
Processing by UsersController#index as HTML
  Rendering users/index.html.erb within layouts/application
  [1m[36mUser Load (0.2ms)[0m  [1m[34mSELECT "users".* FROM "users"[0m
  Rendered users/index.html.erb within layouts/application (9.0ms)
Completed 200 OK in 46ms (Views: 37.4ms | ActiveRecord: 1.1ms)


Started GET "/users" for 127.0.0.1 at 2017-12-21 15:44:45 +0900
Processing by UsersController#index as HTML
  Rendering users/index.html.erb within layouts/application
  [1m[36mUser Load (0.2ms)[0m  [1m[34mSELECT "users".* FROM "users"[0m
  Rendered users/index.html.erb within layouts/application (3.1ms)
Completed 200 OK in 28ms (Views: 25.5ms | ActiveRecord: 0.2ms)


Started GET "/users" for 127.0.0.1 at 2017-12-21 15:44:47 +0900
Processing by UsersController#index as HTML
  Rendering users/index.html.erb within layouts/application
  [1m[36mUser Load (0.3ms)[0m  [1m[34mSELECT "users".* FROM "users"[0m
  Rendered users/index.html.erb within layouts/application (2.8ms)
Completed 200 OK in 34ms (Views: 30.6ms | ActiveRecord: 0.3ms)


Started GET "/users/1" for 127.0.0.1 at 2017-12-21 15:44:50 +0900
Processing by UsersController#show as HTML
  Parameters: {"id"=>"1"}
  [1m[36mUser Load (0.2ms)[0m  [1m[34mSELECT  "users".* FROM "users" WHERE "users"."id" = ? LIMIT ?[0m  [["id", 1], ["LIMIT", 1]]
  Rendering users/show.html.erb within layouts/application
  Rendered users/show.html.erb within layouts/application (1.4ms)
Completed 200 OK in 45ms (Views: 38.4ms | ActiveRecord: 0.2ms)


Started GET "/users/1" for 127.0.0.1 at 2017-12-21 15:48:21 +0900
Processing by UsersController#show as HTML
  Parameters: {"id"=>"1"}
  [1m[36mUser Load (0.1ms)[0m  [1m[34mSELECT  "users".* FROM "users" WHERE "users"."id" = ? LIMIT ?[0m  [["id", 1], ["LIMIT", 1]]
  Rendering users/show.html.erb within layouts/application
  Rendered users/show.html.erb within layouts/application (14.4ms)
Completed 500 Internal Server Error in 24ms (ActiveRecord: 0.1ms)


  
ActionView::Template::Error (undefined method `content' for #<User:0x00007fe93579a6f0>):
    12: 
    13: <p>
    14:   <strong>Content:</strong>
    15:   <%= @user.content %>
    16: </p>
    17: 
    18: <%= link_to 'Edit', edit_user_path(@user) %> |
  
app/views/users/show.html.erb:15:in `_app_views_users_show_html_erb___835244018432103315_70319800605120'
Started GET "/users/1" for 127.0.0.1 at 2017-12-21 15:49:01 +0900
Processing by UsersController#show as HTML
  Parameters: {"id"=>"1"}
  [1m[36mUser Load (0.2ms)[0m  [1m[34mSELECT  "users".* FROM "users" WHERE "users"."id" = ? LIMIT ?[0m  [["id", 1], ["LIMIT", 1]]
  Rendering users/show.html.erb within layouts/application
  Rendered users/show.html.erb within layouts/application (9.9ms)
Completed 500 Internal Server Error in 18ms (ActiveRecord: 0.2ms)


  
ActionView::Template::Error (undefined method `micropost' for #<User:0x00007fe93889fc50>
Did you mean?  microposts
               microposts=):
    12: 
    13: <p>
    14:   <strong>Content:</strong>
    15:   <%= @user.micropost %>
    16: </p>
    17: 
    18: <%= link_to 'Edit', edit_user_path(@user) %> |
  
app/views/users/show.html.erb:15:in `_app_views_users_show_html_erb___835244018432103315_70319826238460'
Started GET "/users/1" for 127.0.0.1 at 2017-12-21 15:49:34 +0900
Processing by UsersController#show as HTML
  Parameters: {"id"=>"1"}
  [1m[36mUser Load (0.2ms)[0m  [1m[34mSELECT  "users".* FROM "users" WHERE "users"."id" = ? LIMIT ?[0m  [["id", 1], ["LIMIT", 1]]
  Rendering users/show.html.erb within layouts/application
  Rendered users/show.html.erb within layouts/application (13.5ms)
Completed 200 OK in 41ms (Views: 37.6ms | ActiveRecord: 0.2ms)


Started GET "/users/1" for 127.0.0.1 at 2017-12-21 15:50:12 +0900
Processing by UsersController#show as HTML
  Parameters: {"id"=>"1"}
  [1m[36mUser Load (0.2ms)[0m  [1m[34mSELECT  "users".* FROM "users" WHERE "users"."id" = ? LIMIT ?[0m  [["id", 1], ["LIMIT", 1]]
  Rendering users/show.html.erb within layouts/application
  [1m[36mMicropost Load (0.1ms)[0m  [1m[34mSELECT  "microposts".* FROM "microposts" WHERE "microposts"."user_id" = ? ORDER BY "microposts"."id" ASC LIMIT ?[0m  [["user_id", 1], ["LIMIT", 1]]
  Rendered users/show.html.erb within layouts/application (14.2ms)
Completed 200 OK in 44ms (Views: 39.6ms | ActiveRecord: 1.0ms)


Started GET "/users/1" for 127.0.0.1 at 2017-12-21 15:50:49 +0900
Processing by UsersController#show as HTML
  Parameters: {"id"=>"1"}
  [1m[36mUser Load (0.2ms)[0m  [1m[34mSELECT  "users".* FROM "users" WHERE "users"."id" = ? LIMIT ?[0m  [["id", 1], ["LIMIT", 1]]
  Rendering users/show.html.erb within layouts/application
  [1m[36mMicropost Load (0.3ms)[0m  [1m[34mSELECT  "microposts".* FROM "microposts" WHERE "microposts"."user_id" = ? ORDER BY "microposts"."id" ASC LIMIT ?[0m  [["user_id", 1], ["LIMIT", 1]]
  Rendered users/show.html.erb within layouts/application (3.2ms)
Completed 200 OK in 32ms (Views: 28.9ms | ActiveRecord: 0.5ms)


Started GET "/users" for 127.0.0.1 at 2017-12-21 15:53:33 +0900
Processing by UsersController#index as HTML
  Rendering users/index.html.erb within layouts/application
  [1m[36mUser Load (0.2ms)[0m  [1m[34mSELECT "users".* FROM "users"[0m
  Rendered users/index.html.erb within layouts/application (10.7ms)
Completed 200 OK in 36ms (Views: 30.4ms | ActiveRecord: 1.4ms)


Started GET "/" for 127.0.0.1 at 2017-12-21 15:56:12 +0900
Processing by UsersController#index as HTML
  Rendering users/index.html.erb within layouts/application
  [1m[36mUser Load (0.2ms)[0m  [1m[34mSELECT "users".* FROM "users"[0m
  Rendered users/index.html.erb within layouts/application (2.9ms)
Completed 200 OK in 23ms (Views: 21.1ms | ActiveRecord: 0.2ms)


Started GET "/" for 127.0.0.1 at 2017-12-21 15:56:15 +0900
Processing by UsersController#index as HTML
  Rendering users/index.html.erb within layouts/application
  [1m[36mUser Load (0.2ms)[0m  [1m[34mSELECT "users".* FROM "users"[0m
  Rendered users/index.html.erb within layouts/application (2.5ms)
Completed 200 OK in 26ms (Views: 23.5ms | ActiveRecord: 0.2ms)


Started GET "/microposts" for 127.0.0.1 at 2017-12-21 15:56:16 +0900
Processing by MicropostsController#index as HTML
Completed 500 Internal Server Error in 2ms (ActiveRecord: 0.0ms)


  
SyntaxError (/Users/user/Documents/ojt/task_m_app/rails_tutorial/toy_app/app/models/micropost.rb:4: syntax error, unexpected ':', expecting keyword_end
                presence: true
                         ^):
  
app/models/micropost.rb:4: syntax error, unexpected ':', expecting keyword_end
app/controllers/microposts_controller.rb:7:in `index'
Started GET "/microposts" for 127.0.0.1 at 2017-12-21 15:56:17 +0900
Processing by MicropostsController#index as HTML
Completed 500 Internal Server Error in 2ms (ActiveRecord: 0.0ms)


  
SyntaxError (/Users/user/Documents/ojt/task_m_app/rails_tutorial/toy_app/app/models/micropost.rb:4: syntax error, unexpected ':', expecting keyword_end
                presence: true
                         ^):
  
app/models/micropost.rb:4: syntax error, unexpected ':', expecting keyword_end
app/controllers/microposts_controller.rb:7:in `index'
Started GET "/microposts" for 127.0.0.1 at 2017-12-21 15:56:43 +0900
Processing by MicropostsController#index as HTML
  Rendering microposts/index.html.erb within layouts/application
  [1m[36mMicropost Load (0.2ms)[0m  [1m[34mSELECT "microposts".* FROM "microposts"[0m
  Rendered microposts/index.html.erb within layouts/application (12.2ms)
Completed 200 OK in 43ms (Views: 37.4ms | ActiveRecord: 2.0ms)


Started GET "/microposts/new" for 127.0.0.1 at 2017-12-21 15:56:46 +0900
Processing by MicropostsController#new as HTML
  Rendering microposts/new.html.erb within layouts/application
  Rendered microposts/_form.html.erb (2.1ms)
  Rendered microposts/new.html.erb within layouts/application (4.1ms)
Completed 200 OK in 27ms (Views: 22.8ms | ActiveRecord: 0.0ms)


Started POST "/microposts" for 127.0.0.1 at 2017-12-21 15:56:58 +0900
Processing by MicropostsController#create as HTML
  Parameters: {"utf8"=>"✓", "authenticity_token"=>"UacO06d9pnX2CbFyQ93FqKPdWDxWWW4a/4Id7M7BVWs9b0yblR0E0NXyzPGb6TRYyDRyJjuZO7Qw0omxsxNdlw==", "micropost"=>{"content"=>"", "user_id"=>"3"}, "commit"=>"Create Micropost"}
  [1m[35m (0.1ms)[0m  [1m[36mbegin transaction[0m
  [1m[36mUser Load (0.2ms)[0m  [1m[34mSELECT  "users".* FROM "users" WHERE "users"."id" = ? LIMIT ?[0m  [["id", 3], ["LIMIT", 1]]
  [1m[35m (0.1ms)[0m  [1m[31mrollback transaction[0m
  Rendering microposts/new.html.erb within layouts/application
  Rendered microposts/_form.html.erb (1.9ms)
  Rendered microposts/new.html.erb within layouts/application (3.8ms)
Completed 200 OK in 39ms (Views: 25.5ms | ActiveRecord: 0.9ms)


Started POST "/microposts" for 127.0.0.1 at 2017-12-21 15:57:07 +0900
Processing by MicropostsController#create as HTML
  Parameters: {"utf8"=>"✓", "authenticity_token"=>"Rq48teAAE9smpYPkGFXG6lnLX4H1yZpnGoVfs48i4it0vbnRGucgmrwx9NrQwf/sgOCEob/PPV5uCQstEYoDNA==", "micropost"=>{"content"=>"therd", "user_id"=>"3"}, "commit"=>"Create Micropost"}
  [1m[35m (0.1ms)[0m  [1m[36mbegin transaction[0m
  [1m[36mUser Load (0.1ms)[0m  [1m[34mSELECT  "users".* FROM "users" WHERE "users"."id" = ? LIMIT ?[0m  [["id", 3], ["LIMIT", 1]]
  [1m[35mSQL (0.4ms)[0m  [1m[32mINSERT INTO "microposts" ("content", "user_id", "created_at", "updated_at") VALUES (?, ?, ?, ?)[0m  [["content", "therd"], ["user_id", 3], ["created_at", "2017-12-21 06:57:07.534089"], ["updated_at", "2017-12-21 06:57:07.534089"]]
  [1m[35m (0.9ms)[0m  [1m[36mcommit transaction[0m
Redirected to http://localhost:3000/microposts/6
Completed 302 Found in 7ms (ActiveRecord: 1.4ms)


Started GET "/microposts/6" for 127.0.0.1 at 2017-12-21 15:57:07 +0900
Processing by MicropostsController#show as HTML
  Parameters: {"id"=>"6"}
  [1m[36mMicropost Load (0.4ms)[0m  [1m[34mSELECT  "microposts".* FROM "microposts" WHERE "microposts"."id" = ? LIMIT ?[0m  [["id", 6], ["LIMIT", 1]]
  Rendering microposts/show.html.erb within layouts/application
  Rendered microposts/show.html.erb within layouts/application (0.8ms)
Completed 200 OK in 28ms (Views: 23.9ms | ActiveRecord: 0.4ms)


Started GET "/microposts/6" for 127.0.0.1 at 2017-12-21 16:00:52 +0900
Processing by MicropostsController#show as HTML
  Parameters: {"id"=>"6"}
  [1m[36mMicropost Load (0.2ms)[0m  [1m[34mSELECT  "microposts".* FROM "microposts" WHERE "microposts"."id" = ? LIMIT ?[0m  [["id", 6], ["LIMIT", 1]]
  Rendering microposts/show.html.erb within layouts/application
  Rendered microposts/show.html.erb within layouts/application (0.8ms)
Completed 200 OK in 42ms (Views: 29.5ms | ActiveRecord: 1.1ms)


Started GET "/microposts" for 127.0.0.1 at 2017-12-21 16:00:54 +0900
Processing by MicropostsController#index as HTML
  Rendering microposts/index.html.erb within layouts/application
  [1m[36mMicropost Load (0.2ms)[0m  [1m[34mSELECT "microposts".* FROM "microposts"[0m
  Rendered microposts/index.html.erb within layouts/application (2.6ms)
Completed 200 OK in 29ms (Views: 23.9ms | ActiveRecord: 0.2ms)


Started GET "/microposts/new" for 127.0.0.1 at 2017-12-21 16:00:55 +0900
Processing by MicropostsController#new as HTML
  Rendering microposts/new.html.erb within layouts/application
  Rendered microposts/_form.html.erb (2.0ms)
  Rendered microposts/new.html.erb within layouts/application (3.9ms)
Completed 200 OK in 28ms (Views: 23.0ms | ActiveRecord: 0.0ms)


Started GET "/microposts/new" for 127.0.0.1 at 2017-12-21 16:00:59 +0900
Processing by MicropostsController#new as HTML
  Rendering microposts/new.html.erb within layouts/application
  Rendered microposts/_form.html.erb (2.1ms)
  Rendered microposts/new.html.erb within layouts/application (4.1ms)
Completed 200 OK in 23ms (Views: 20.8ms | ActiveRecord: 0.0ms)


Started GET "/microposts" for 127.0.0.1 at 2017-12-21 16:01:00 +0900
Processing by MicropostsController#index as HTML
  Rendering microposts/index.html.erb within layouts/application
  [1m[36mMicropost Load (0.3ms)[0m  [1m[34mSELECT "microposts".* FROM "microposts"[0m
  Rendered microposts/index.html.erb within layouts/application (3.6ms)
Completed 200 OK in 27ms (Views: 25.0ms | ActiveRecord: 0.3ms)


Started GET "/" for 127.0.0.1 at 2017-12-21 16:01:01 +0900
Processing by UsersController#index as HTML
Started GET "/" for 127.0.0.1 at 2017-12-21 16:01:01 +0900
  Rendering users/index.html.erb within layouts/application
Processing by UsersController#index as HTML
  [1m[36mUser Load (0.2ms)[0m  [1m[34mSELECT "users".* FROM "users"[0m
  Rendered users/index.html.erb within layouts/application (13.6ms)
  Rendering users/index.html.erb within layouts/application
  [1m[36mUser Load (0.1ms)[0m  [1m[34mSELECT "users".* FROM "users"[0m
  Rendered users/index.html.erb within layouts/application (4.3ms)
Completed 200 OK in 67ms (Views: 57.0ms | ActiveRecord: 0.7ms)


Completed 200 OK in 57ms (Views: 54.7ms | ActiveRecord: 0.4ms)


Started GET "/users/new" for 127.0.0.1 at 2017-12-21 16:01:03 +0900
Processing by UsersController#new as HTML
  Rendering users/new.html.erb within layouts/application
  Rendered users/_form.html.erb (2.6ms)
  Rendered users/new.html.erb within layouts/application (5.2ms)
Completed 200 OK in 32ms (Views: 26.5ms | ActiveRecord: 0.0ms)


Started POST "/users" for 127.0.0.1 at 2017-12-21 16:01:04 +0900
Processing by UsersController#create as HTML
  Parameters: {"utf8"=>"✓", "authenticity_token"=>"Jx5U3DcaqHVoUfTH/76qd+FBlhc2AypMmtoYWw8DVmW8tXugYX6bVSkT74avWPdOUsbuBAEE/0PNSFeucfPynA==", "user"=>{"name"=>"", "email"=>""}, "commit"=>"Create User"}
  [1m[35m (0.1ms)[0m  [1m[36mbegin transaction[0m
  [1m[35m (0.1ms)[0m  [1m[31mrollback transaction[0m
Completed 500 Internal Server Error in 9ms (ActiveRecord: 0.2ms)


  
NoMethodError (undefined method `user' for #<User:0x00007fe938ca01b0>):
  
app/controllers/users_controller.rb:30:in `block in create'
app/controllers/users_controller.rb:29:in `create'
Started GET "/users" for 127.0.0.1 at 2017-12-21 16:02:22 +0900
Processing by UsersController#index as HTML
  Rendering users/index.html.erb within layouts/application
  [1m[36mUser Load (0.1ms)[0m  [1m[34mSELECT "users".* FROM "users"[0m
  Rendered users/index.html.erb within layouts/application (11.7ms)
Completed 200 OK in 42ms (Views: 34.4ms | ActiveRecord: 1.4ms)


Started GET "/users/new" for 127.0.0.1 at 2017-12-21 16:02:24 +0900
Processing by UsersController#new as HTML
  Rendering users/new.html.erb within layouts/application
  Rendered users/_form.html.erb (2.4ms)
  Rendered users/new.html.erb within layouts/application (4.4ms)
Completed 200 OK in 29ms (Views: 25.1ms | ActiveRecord: 0.0ms)


Started POST "/users" for 127.0.0.1 at 2017-12-21 16:02:25 +0900
Processing by UsersController#create as HTML
  Parameters: {"utf8"=>"✓", "authenticity_token"=>"PWXETQiOHMct0uvLi5fJpP7JUP0VCUt+7G8v/qqFVmamzusxXuov52yQ8IrbcZSdTU4o7iIOnnG7/WAL1HXynw==", "user"=>{"name"=>"", "email"=>""}, "commit"=>"Create User"}
  [1m[35m (0.2ms)[0m  [1m[36mbegin transaction[0m
  [1m[35m (0.1ms)[0m  [1m[31mrollback transaction[0m
  Rendering users/new.html.erb within layouts/application
  Rendered users/_form.html.erb (2.6ms)
  Rendered users/new.html.erb within layouts/application (4.8ms)
Completed 200 OK in 33ms (Views: 27.0ms | ActiveRecord: 0.2ms)


Started GET "/users" for 127.0.0.1 at 2017-12-21 16:07:11 +0900
Processing by UsersController#index as HTML
  Rendering users/index.html.erb within layouts/application
  [1m[36mUser Load (0.2ms)[0m  [1m[34mSELECT "users".* FROM "users"[0m
  Rendered users/index.html.erb within layouts/application (2.5ms)
Completed 200 OK in 24ms (Views: 21.9ms | ActiveRecord: 0.2ms)


Started GET "/users/new" for 127.0.0.1 at 2017-12-21 16:15:41 +0900
Processing by UsersController#new as HTML
  Rendering users/new.html.erb within layouts/application
  Rendered users/_form.html.erb (1.7ms)
  Rendered users/new.html.erb within layouts/application (3.6ms)
Completed 200 OK in 27ms (Views: 23.5ms | ActiveRecord: 0.0ms)


Started POST "/users" for 127.0.0.1 at 2017-12-21 16:15:53 +0900
Processing by UsersController#create as HTML
  Parameters: {"utf8"=>"✓", "authenticity_token"=>"9zVxtNcBvmuRWTxoMZqkXITiwxCQQabM9/7/j01ISrBsnl7IgWWNS9AbJylhfPllN2W7A6dGc8OgbLB6M7juSQ==", "user"=>{"name"=>"Ken", "email"=>"ken@example.com"}, "commit"=>"Create User"}
  [1m[35m (0.1ms)[0m  [1m[36mbegin transaction[0m
  [1m[35mSQL (0.4ms)[0m  [1m[32mINSERT INTO "users" ("name", "email", "created_at", "updated_at") VALUES (?, ?, ?, ?)[0m  [["name", "Ken"], ["email", "ken@example.com"], ["created_at", "2017-12-21 07:15:53.679765"], ["updated_at", "2017-12-21 07:15:53.679765"]]
  [1m[35m (1.2ms)[0m  [1m[36mcommit transaction[0m
Redirected to http://localhost:3000/users/7
Completed 302 Found in 6ms (ActiveRecord: 1.6ms)


Started GET "/users/7" for 127.0.0.1 at 2017-12-21 16:15:53 +0900
Processing by UsersController#show as HTML
  Parameters: {"id"=>"7"}
  [1m[36mUser Load (0.2ms)[0m  [1m[34mSELECT  "users".* FROM "users" WHERE "users"."id" = ? LIMIT ?[0m  [["id", 7], ["LIMIT", 1]]
  Rendering users/show.html.erb within layouts/application
  [1m[36mMicropost Load (0.2ms)[0m  [1m[34mSELECT  "microposts".* FROM "microposts" WHERE "microposts"."user_id" = ? ORDER BY "microposts"."id" ASC LIMIT ?[0m  [["user_id", 7], ["LIMIT", 1]]
  Rendered users/show.html.erb within layouts/application (10.7ms)
Completed 500 Internal Server Error in 18ms (ActiveRecord: 1.3ms)


  
ActionView::Template::Error (undefined method `content' for nil:NilClass):
    12: 
    13: <p>
    14:   <strong>Content:</strong>
    15:   <%= @user.microposts.first.content %>
    16: </p>
    17: 
    18: <%= link_to 'Edit', edit_user_path(@user) %> |
  
app/views/users/show.html.erb:15:in `_app_views_users_show_html_erb___835244018432103315_70319828552620'
Started GET "/users/new" for 127.0.0.1 at 2017-12-21 16:16:36 +0900
Processing by UsersController#new as HTML
  Rendering users/new.html.erb within layouts/application
  Rendered users/_form.html.erb (3.1ms)
  Rendered users/new.html.erb within layouts/application (9.4ms)
Completed 200 OK in 36ms (Views: 31.2ms | ActiveRecord: 0.0ms)


