Started GET "/users/new" for 127.0.0.1 at 2017-12-21 16:39:49 +0900
  
ActionController::RoutingError (No route matches [GET] "/users/new"):
  
actionpack (5.1.4) lib/action_dispatch/middleware/debug_exceptions.rb:63:in `call'
web-console (3.5.1) lib/web_console/middleware.rb:135:in `call_app'
web-console (3.5.1) lib/web_console/middleware.rb:28:in `block in call'
web-console (3.5.1) lib/web_console/middleware.rb:18:in `catch'
web-console (3.5.1) lib/web_console/middleware.rb:18:in `call'
actionpack (5.1.4) lib/action_dispatch/middleware/show_exceptions.rb:31:in `call'
railties (5.1.4) lib/rails/rack/logger.rb:36:in `call_app'
railties (5.1.4) lib/rails/rack/logger.rb:24:in `block in call'
activesupport (5.1.4) lib/active_support/tagged_logging.rb:69:in `block in tagged'
activesupport (5.1.4) lib/active_support/tagged_logging.rb:26:in `tagged'
activesupport (5.1.4) lib/active_support/tagged_logging.rb:69:in `tagged'
railties (5.1.4) lib/rails/rack/logger.rb:24:in `call'
sprockets-rails (3.2.1) lib/sprockets/rails/quiet_assets.rb:13:in `call'
actionpack (5.1.4) lib/action_dispatch/middleware/remote_ip.rb:79:in `call'
actionpack (5.1.4) lib/action_dispatch/middleware/request_id.rb:25:in `call'
rack (2.0.3) lib/rack/method_override.rb:22:in `call'
rack (2.0.3) lib/rack/runtime.rb:22:in `call'
activesupport (5.1.4) lib/active_support/cache/strategy/local_cache_middleware.rb:27:in `call'
actionpack (5.1.4) lib/action_dispatch/middleware/executor.rb:12:in `call'
actionpack (5.1.4) lib/action_dispatch/middleware/static.rb:125:in `call'
rack (2.0.3) lib/rack/sendfile.rb:111:in `call'
railties (5.1.4) lib/rails/engine.rb:522:in `call'
puma (3.9.1) lib/puma/configuration.rb:224:in `call'
puma (3.9.1) lib/puma/server.rb:602:in `handle_request'
puma (3.9.1) lib/puma/server.rb:435:in `process_client'
puma (3.9.1) lib/puma/server.rb:299:in `block in run'
puma (3.9.1) lib/puma/thread_pool.rb:120:in `block in spawn_thread'
Started GET "/" for 127.0.0.1 at 2017-12-21 16:39:50 +0900
Processing by ApplicationController#hello as HTML
Started GET "/" for 127.0.0.1 at 2017-12-21 16:39:50 +0900
Processing by ApplicationController#hello as HTML
  Rendering html template
  Rendering html template
  Rendered html template (0.1ms)
  Rendered html template (0.1ms)
Completed 200 OK in 248ms (Views: 5.1ms)


Completed 200 OK in 287ms (Views: 6.9ms)


Started GET "/" for 127.0.0.1 at 2017-12-21 17:21:33 +0900
Processing by ApplicationController#hello as HTML
  Rendering html template
  Rendered html template (0.1ms)
Completed 200 OK in 18ms (Views: 8.1ms)


Started GET "/" for 127.0.0.1 at 2017-12-22 10:08:28 +0900
Processing by ApplicationController#hello as HTML
  Rendering html template
  Rendered html template (0.0ms)
Completed 200 OK in 286ms (Views: 7.4ms)


Started GET "/static_pages/home" for 127.0.0.1 at 2017-12-22 10:08:36 +0900
Processing by StaticPagesController#home as HTML
  Rendering static_pages/home.html.erb within layouts/application
  Rendered static_pages/home.html.erb within layouts/application (2.4ms)
Completed 200 OK in 594ms (Views: 590.8ms)


Started GET "/static_pages/home" for 127.0.0.1 at 2017-12-22 10:20:35 +0900
Processing by StaticPagesController#home as HTML
  Rendering static_pages/home.html.erb within layouts/application
  Rendered static_pages/home.html.erb within layouts/application (1.0ms)
Completed 200 OK in 45ms (Views: 39.5ms)


Started GET "/static_pages/home" for 127.0.0.1 at 2017-12-22 10:20:45 +0900
Processing by StaticPagesController#home as HTML
  Rendering static_pages/home.html.erb within layouts/application
  Rendered static_pages/home.html.erb within layouts/application (0.6ms)
Completed 200 OK in 44ms (Views: 40.2ms)


Started GET "/static_pages/home" for 127.0.0.1 at 2017-12-22 10:20:48 +0900
Processing by StaticPagesController#home as HTML
  Rendering static_pages/home.html.erb within layouts/application
  Rendered static_pages/home.html.erb within layouts/application (0.9ms)
Completed 200 OK in 94ms (Views: 90.1ms)


Started GET "/static_pages/help" for 127.0.0.1 at 2017-12-22 10:20:50 +0900
Processing by StaticPagesController#help as HTML
  Rendering static_pages/help.html.erb within layouts/application
  Rendered static_pages/help.html.erb within layouts/application (0.6ms)
Completed 200 OK in 26ms (Views: 23.1ms)


Started GET "/static_pages/help" for 127.0.0.1 at 2017-12-22 10:43:05 +0900
Processing by StaticPagesController#help as HTML
  Rendering static_pages/help.html.erb within layouts/application
  Rendered static_pages/help.html.erb within layouts/application (1.0ms)
Completed 200 OK in 49ms (Views: 43.2ms)


Started GET "/static_pages/about" for 127.0.0.1 at 2017-12-22 10:43:07 +0900
Processing by StaticPagesController#about as HTML
  Rendering static_pages/about.html.erb within layouts/application
  Rendered static_pages/about.html.erb within layouts/application (0.4ms)
Completed 200 OK in 40ms (Views: 35.7ms)


Started GET "/static_pages/about" for 127.0.0.1 at 2017-12-22 10:53:07 +0900
Processing by StaticPagesController#about as HTML
  Rendering static_pages/about.html.erb
  Rendered static_pages/about.html.erb (6.6ms)
Completed 200 OK in 22ms (Views: 14.8ms)


Started GET "/static_pages/home" for 127.0.0.1 at 2017-12-22 10:53:09 +0900
Processing by StaticPagesController#home as HTML
  Rendering static_pages/home.html.erb
  Rendered static_pages/home.html.erb (0.8ms)
Completed 200 OK in 9ms (Views: 6.9ms)


Started GET "/static_pages/home" for 127.0.0.1 at 2017-12-22 10:53:09 +0900
Processing by StaticPagesController#home as HTML
  Rendering static_pages/home.html.erb
  Rendered static_pages/home.html.erb (0.5ms)
Completed 200 OK in 10ms (Views: 6.4ms)


Started GET "/" for 127.0.0.1 at 2017-12-22 11:22:01 +0900
Processing by StaticPagesController#home as HTML
  Rendering static_pages/home.html.erb within layouts/application
  Rendered static_pages/home.html.erb within layouts/application (1.6ms)
Completed 200 OK in 126ms (Views: 117.6ms)


Started GET "/" for 127.0.0.1 at 2017-12-22 11:22:02 +0900
Processing by StaticPagesController#home as HTML
  Rendering static_pages/home.html.erb within layouts/application
  Rendered static_pages/home.html.erb within layouts/application (0.5ms)
Completed 200 OK in 43ms (Views: 38.6ms)


Started GET "/help" for 127.0.0.1 at 2017-12-22 11:22:20 +0900
  
ActionController::RoutingError (No route matches [GET] "/help"):
  
actionpack (5.1.4) lib/action_dispatch/middleware/debug_exceptions.rb:63:in `call'
web-console (3.5.1) lib/web_console/middleware.rb:135:in `call_app'
web-console (3.5.1) lib/web_console/middleware.rb:28:in `block in call'
web-console (3.5.1) lib/web_console/middleware.rb:18:in `catch'
web-console (3.5.1) lib/web_console/middleware.rb:18:in `call'
actionpack (5.1.4) lib/action_dispatch/middleware/show_exceptions.rb:31:in `call'
railties (5.1.4) lib/rails/rack/logger.rb:36:in `call_app'
railties (5.1.4) lib/rails/rack/logger.rb:24:in `block in call'
activesupport (5.1.4) lib/active_support/tagged_logging.rb:69:in `block in tagged'
activesupport (5.1.4) lib/active_support/tagged_logging.rb:26:in `tagged'
activesupport (5.1.4) lib/active_support/tagged_logging.rb:69:in `tagged'
railties (5.1.4) lib/rails/rack/logger.rb:24:in `call'
sprockets-rails (3.2.1) lib/sprockets/rails/quiet_assets.rb:13:in `call'
actionpack (5.1.4) lib/action_dispatch/middleware/remote_ip.rb:79:in `call'
actionpack (5.1.4) lib/action_dispatch/middleware/request_id.rb:25:in `call'
rack (2.0.3) lib/rack/method_override.rb:22:in `call'
rack (2.0.3) lib/rack/runtime.rb:22:in `call'
activesupport (5.1.4) lib/active_support/cache/strategy/local_cache_middleware.rb:27:in `call'
actionpack (5.1.4) lib/action_dispatch/middleware/executor.rb:12:in `call'
actionpack (5.1.4) lib/action_dispatch/middleware/static.rb:125:in `call'
rack (2.0.3) lib/rack/sendfile.rb:111:in `call'
railties (5.1.4) lib/rails/engine.rb:522:in `call'
puma (3.9.1) lib/puma/configuration.rb:224:in `call'
puma (3.9.1) lib/puma/server.rb:602:in `handle_request'
puma (3.9.1) lib/puma/server.rb:435:in `process_client'
puma (3.9.1) lib/puma/server.rb:299:in `block in run'
puma (3.9.1) lib/puma/thread_pool.rb:120:in `block in spawn_thread'
Started GET "/static_pages/help" for 127.0.0.1 at 2017-12-22 11:22:47 +0900
Processing by StaticPagesController#help as HTML
Started GET "/static_pages/help" for 127.0.0.1 at 2017-12-22 11:22:47 +0900
Processing by StaticPagesController#help as HTML
  Rendering static_pages/help.html.erb within layouts/application
  Rendered static_pages/help.html.erb within layouts/application (2.4ms)
  Rendering static_pages/help.html.erb within layouts/application
  Rendered static_pages/help.html.erb within layouts/application (0.1ms)
Completed 200 OK in 71ms (Views: 68.8ms)


Completed 200 OK in 89ms (Views: 81.3ms)


Started GET "/static_pages/home" for 127.0.0.1 at 2017-12-22 11:22:51 +0900
Processing by StaticPagesController#home as HTML
  Rendering static_pages/home.html.erb within layouts/application
  Rendered static_pages/home.html.erb within layouts/application (0.5ms)
Completed 200 OK in 28ms (Views: 25.0ms)


Started GET "/static_pages/home" for 127.0.0.1 at 2017-12-22 11:22:52 +0900
Processing by StaticPagesController#home as HTML
  Rendering static_pages/home.html.erb within layouts/application
  Rendered static_pages/home.html.erb within layouts/application (0.7ms)
Completed 200 OK in 37ms (Views: 34.2ms)


Started GET "/static_pages/home" for 127.0.0.1 at 2017-12-28 15:02:09 +0900
Processing by StaticPagesController#home as HTML
  Rendering static_pages/home.html.erb within layouts/application
  Rendered static_pages/home.html.erb within layouts/application (3.1ms)
Completed 200 OK in 609ms (Views: 363.0ms)


Started GET "/" for 127.0.0.1 at 2017-12-28 15:02:11 +0900
Processing by StaticPagesController#home as HTML
  Rendering static_pages/home.html.erb within layouts/application
  Rendered static_pages/home.html.erb within layouts/application (0.4ms)
Completed 200 OK in 19ms (Views: 16.8ms)


Started GET "/foo" for 127.0.0.1 at 2017-12-28 15:02:12 +0900
  
ActionController::RoutingError (No route matches [GET] "/foo"):
  
actionpack (5.1.4) lib/action_dispatch/middleware/debug_exceptions.rb:63:in `call'
web-console (3.5.1) lib/web_console/middleware.rb:135:in `call_app'
web-console (3.5.1) lib/web_console/middleware.rb:28:in `block in call'
web-console (3.5.1) lib/web_console/middleware.rb:18:in `catch'
web-console (3.5.1) lib/web_console/middleware.rb:18:in `call'
actionpack (5.1.4) lib/action_dispatch/middleware/show_exceptions.rb:31:in `call'
railties (5.1.4) lib/rails/rack/logger.rb:36:in `call_app'
railties (5.1.4) lib/rails/rack/logger.rb:24:in `block in call'
activesupport (5.1.4) lib/active_support/tagged_logging.rb:69:in `block in tagged'
activesupport (5.1.4) lib/active_support/tagged_logging.rb:26:in `tagged'
activesupport (5.1.4) lib/active_support/tagged_logging.rb:69:in `tagged'
railties (5.1.4) lib/rails/rack/logger.rb:24:in `call'
sprockets-rails (3.2.1) lib/sprockets/rails/quiet_assets.rb:13:in `call'
actionpack (5.1.4) lib/action_dispatch/middleware/remote_ip.rb:79:in `call'
actionpack (5.1.4) lib/action_dispatch/middleware/request_id.rb:25:in `call'
rack (2.0.3) lib/rack/method_override.rb:22:in `call'
rack (2.0.3) lib/rack/runtime.rb:22:in `call'
activesupport (5.1.4) lib/active_support/cache/strategy/local_cache_middleware.rb:27:in `call'
actionpack (5.1.4) lib/action_dispatch/middleware/executor.rb:12:in `call'
actionpack (5.1.4) lib/action_dispatch/middleware/static.rb:125:in `call'
rack (2.0.3) lib/rack/sendfile.rb:111:in `call'
railties (5.1.4) lib/rails/engine.rb:522:in `call'
puma (3.9.1) lib/puma/configuration.rb:224:in `call'
puma (3.9.1) lib/puma/server.rb:602:in `handle_request'
puma (3.9.1) lib/puma/server.rb:435:in `process_client'
puma (3.9.1) lib/puma/server.rb:299:in `block in run'
puma (3.9.1) lib/puma/thread_pool.rb:120:in `block in spawn_thread'
Started GET "/foo/bar" for 127.0.0.1 at 2017-12-28 15:04:12 +0900
Processing by FooController#bar as HTML
  Rendering foo/bar.html.erb within layouts/application
  Rendered foo/bar.html.erb within layouts/application (1.9ms)
Completed 200 OK in 521ms (Views: 225.9ms)


Started GET "/foo/bar" for 127.0.0.1 at 2017-12-28 15:04:17 +0900
Processing by FooController#bar as HTML
  Rendering foo/bar.html.erb within layouts/application
  Rendered foo/bar.html.erb within layouts/application (0.5ms)
Completed 200 OK in 19ms (Views: 16.8ms)


Started GET "/foo/baz" for 127.0.0.1 at 2017-12-28 15:04:17 +0900
Processing by FooController#baz as HTML
  Rendering foo/baz.html.erb within layouts/application
  Rendered foo/baz.html.erb within layouts/application (0.3ms)
Completed 200 OK in 24ms (Views: 20.1ms)


